#
# A fatal error has been detected by the Java Runtime Environment:
#
#  EXCEPTION_ACCESS_VIOLATION (0xc0000005) at pc=0x00007ff9810e2b59, pid=9672, tid=12800
#
# JRE version: Java(TM) SE Runtime Environment (22.0.1+8) (build 22.0.1+8-16)
# Java VM: Java HotSpot(TM) 64-Bit Server VM (22.0.1+8-16, mixed mode, sharing, tiered, compressed oops, compressed class ptrs, g1 gc, windows-amd64)
# Problematic frame:
# C  [glfw.dll+0x12b59]
#
# No core dump will be written. Minidumps are not enabled by default on client versions of Windows
#
# If you would like to submit a bug report, please visit:
#   https://bugreport.java.com/bugreport/crash.jsp
# The crash happened outside the Java Virtual Machine in native code.
# See problematic frame for where to report the bug.
#

---------------  S U M M A R Y ------------

Command Line: Classes.Main

Host: Intel(R) Core(TM) i5-3470 CPU @ 3.20GHz, 4 cores, 11G,  Windows 10 , 64 bit Build 19041 (10.0.19041.1889)
Time: Fri Mar 28 16:35:30 2025 Hora estándar de Venezuela elapsed time: 0.359474 seconds (0d 0h 0m 0s)

---------------  T H R E A D  ---------------

Current thread (0x0000016c49ebe400):  JavaThread "main"             [_thread_in_native, id=12800, stack(0x0000003f2e200000,0x0000003f2e300000) (1024K)]

Stack: [0x0000003f2e200000,0x0000003f2e300000],  sp=0x0000003f2e2fea90,  free space=1018k
Native frames: (J=compiled Java code, j=interpreted, Vv=VM code, C=native code)
C  [glfw.dll+0x12b59]  (no source info available)
C  [glfw.dll+0x10298]  (no source info available)
C  [glfw.dll+0x7639]  (no source info available)
C  0x0000016c5b00cf47  (no source info available)

The last pc belongs to native method entry point (kind = native) (printed below).
Java frames: (J=compiled Java code, j=interpreted, Vv=VM code)
j  org.lwjgl.system.JNI.invokePPPP(IIJJJJ)J+0
j  org.lwjgl.glfw.GLFW.nglfwCreateWindow(IIJJJ)J+14
j  org.lwjgl.glfw.GLFW.glfwCreateWindow(IILjava/lang/CharSequence;JJ)J+34
j  Classes.Main.main([Ljava/lang/String;)V+32
v  ~StubRoutines::call_stub 0x0000016c5b00100d

siginfo: EXCEPTION_ACCESS_VIOLATION (0xc0000005), reading address 0x0000000000000101


Registers:
RAX=0x0000000000000000, RBX=0x0000016c456254b0, RCX=0x0000000000000001, RDX=0x0000003f2e2feb18
RSP=0x0000003f2e2fea90, RBP=0x0000003f2e2feb90, RSI=0x0000000086000000, RDI=0x0000003f2e2fec80
R8 =0x0000000000000000, R9 =0x0000000000000001, R10=0x0000000000008000, R11=0x0000003f2e2fe960
R12=0x0000000000000000, R13=0x0000016c41497658, R14=0x0000000086000000, R15=0x0000000000040008
RIP=0x00007ff9810e2b59, EFLAGS=0x0000000000010246


Register to memory mapping:

RAX=0x0 is null
RBX=0x0000016c456254b0 points into unknown readable memory: 0x0000000000000000 | 00 00 00 00 00 00 00 00
RCX=0x0000000000000001 is an unknown value
RDX=0x0000003f2e2feb18 is pointing into the stack for thread: 0x0000016c49ebe400
RSP=0x0000003f2e2fea90 is pointing into the stack for thread: 0x0000016c49ebe400
RBP=0x0000003f2e2feb90 is pointing into the stack for thread: 0x0000016c49ebe400
RSI=0x0000000086000000 is an unknown value
RDI=0x0000003f2e2fec80 is pointing into the stack for thread: 0x0000016c49ebe400
R8 =0x0 is null
R9 =0x0000000000000001 is an unknown value
R10=0x0000000000008000 is an unknown value
R11=0x0000003f2e2fe960 is pointing into the stack for thread: 0x0000016c49ebe400
R12=0x0 is null
R13={method} {0x0000016c41497660} 'invokePPPP' '(IIJJJJ)J' in 'org/lwjgl/system/JNI'
R14=0x0000000086000000 is an unknown value
R15=0x0000000000040008 is an unknown value

Top of Stack: (sp=0x0000003f2e2fea90)
0x0000003f2e2fea90:   0000016c456254b0 0000003f00000001
0x0000003f2e2feaa0:   0000000086000000 0000003f2e2fec80
0x0000003f2e2feab0:   0000016c00000000 0000003f00008040
0x0000003f2e2feac0:   0000000000000005 0000000000000000
0x0000003f2e2fead0:   0000016c49e90568 0000003f2e2feae4
0x0000003f2e2feae0:   0000000200000002 00007ff93f93b7b4
0x0000003f2e2feaf0:   0000000000000000 0000016c49ed62b0
0x0000003f2e2feb00:   0000003f2e2ff0e0 0000000000000000
0x0000003f2e2feb10:   0000003f2e2ff120 0000000000000028
0x0000003f2e2feb20:   0000000000000000 0000000000000000
0x0000003f2e2feb30:   0000000000000000 0000000000000000
0x0000003f2e2feb40:   0000002300000050 00007ff9810e4300
0x0000003f2e2feb50:   0000000000000000 00007ff9810d0000
0x0000003f2e2feb60:   000000000001002b 0000000000010003
0x0000003f2e2feb70:   0000000000000000 0000000000000000
0x0000003f2e2feb80:   00007ff98113c368 0000000000000000
0x0000003f2e2feb90:   0000f02b99c028aa 0000000000000000
0x0000003f2e2feba0:   0000000000000001 0000016c456143d8
0x0000003f2e2febb0:   0000000000000000 0000003f2e2fec40
0x0000003f2e2febc0:   0000003f2e2fec80 0000016c456254b0
0x0000003f2e2febd0:   0000003f2e2ff0e0 00007ff9810e0298
0x0000003f2e2febe0:   0000016c456143d8 00007ff9810d24f5
0x0000003f2e2febf0:   0000016c41497658 ffffffffffffffff
0x0000003f2e2fec00:   ffffffff00000004 ffffffffffffffff
0x0000003f2e2fec10:   00000000000001e0 00007ff9810d7639
0x0000003f2e2fec20:   0000016c456254b0 0000003f2e2fed20
0x0000003f2e2fec30:   0000000000000280 00007ff940189060
0x0000003f2e2fec40:   0003600100030001 0000000000000001
0x0000003f2e2fec50:   0000000000000000 0000000000000000
0x0000003f2e2fec60:   0000000000000000 0000000000000000
0x0000003f2e2fec70:   0000000000000000 ffffffffffffffff
0x0000003f2e2fec80:   8000000080000000 000001e000000280 

Instructions: (pc=0x00007ff9810e2b59)
0x00007ff9810e2a59:   01 00 48 89 45 d0 48 8d 4d b0 ff 15 2f fb 01 00
0x00007ff9810e2a69:   66 89 05 2a da 06 00 66 85 c0 75 18 48 8d 15 14
0x00007ff9810e2a79:   99 05 00 b9 08 00 01 00 e8 1a a2 ff ff 33 c0 e9
0x00007ff9810e2a89:   a4 04 00 00 b9 00 10 00 00 4c 89 ac 24 60 01 00
0x00007ff9810e2a99:   00 ff 15 98 f9 01 00 85 c0 0f 84 8d 00 00 00 4c
0x00007ff9810e2aa9:   39 25 c9 e7 06 00 0f 85 80 00 00 00 b9 0d 00 00
0x00007ff9810e2ab9:   00 ff 15 78 f9 01 00 b9 0e 00 00 00 44 8b e0 ff
0x00007ff9810e2ac9:   15 6a f9 01 00 8b c8 89 44 24 60 41 0f af cc ba
0x00007ff9810e2ad9:   04 00 00 00 48 63 c9 e8 5b f8 fe ff 4c 8b e8 48
0x00007ff9810e2ae9:   85 c0 0f 84 98 01 00 00 c6 40 03 01 48 8d 4c 24
0x00007ff9810e2af9:   78 8b 44 24 60 45 33 c9 45 33 c0 89 44 24 7c 33
0x00007ff9810e2b09:   d2 44 89 64 24 78 4c 89 6d 80 e8 d8 fb ff ff 49
0x00007ff9810e2b19:   8b cd 48 89 05 56 e7 06 00 e8 99 f8 fe ff 48 83
0x00007ff9810e2b29:   3d 49 e7 06 00 00 0f 84 54 01 00 00 48 8b 4b 50
0x00007ff9810e2b39:   48 85 c9 74 42 0f 57 c0 c7 45 88 28 00 00 00 33
0x00007ff9810e2b49:   c0 48 8d 55 88 0f 11 45 8c 89 45 ac 0f 11 45 9c
0x00007ff9810e2b59:   48 8b 89 00 01 00 00 ff 15 ba f9 01 00 8b 45 90
0x00007ff9810e2b69:   8b 75 94 44 8b 6d 8c 41 2b f5 44 8b 65 98 44 2b
0x00007ff9810e2b79:   e0 89 44 24 60 eb 7c 8b 47 08 89 45 80 8b 47 0c
0x00007ff9810e2b89:   89 45 84 8b 47 30 89 83 fc 03 00 00 83 7f 30 00
0x00007ff9810e2b99:   48 c7 44 24 78 00 00 00 00 74 08 44 8b f6 41 0f
0x00007ff9810e2ba9:   ba ee 18 45 8b cf 48 8d 4c 24 78 45 33 c0 41 8b
0x00007ff9810e2bb9:   d6 ff 15 38 f8 01 00 8b 07 8b 4c 24 7c 8b 54 24
0x00007ff9810e2bc9:   78 3d 00 00 00 80 75 12 39 47 04 75 0d 41 bd 00
0x00007ff9810e2bd9:   00 00 80 44 89 6c 24 60 eb 0d 44 8d 2c 10 8b 47
0x00007ff9810e2be9:   04 03 c1 89 44 24 60 8b 75 80 44 8b 65 84 2b f2
0x00007ff9810e2bf9:   44 2b e1 48 8b 4f 10 e8 3b 9b ff ff 48 89 44 24
0x00007ff9810e2c09:   68 48 8b c8 48 85 c0 74 77 48 8b 05 6f d8 06 00
0x00007ff9810e2c19:   4c 8b c1 0f b7 15 77 d8 06 00 45 8b ce 48 89 7c
0x00007ff9810e2c29:   24 58 41 8b cf 48 89 44 24 50 33 c0 48 89 44 24
0x00007ff9810e2c39:   48 48 89 44 24 40 8b 44 24 60 44 89 64 24 38 89
0x00007ff9810e2c49:   74 24 30 89 44 24 28 44 89 6c 24 20 ff 15 35 f9 


Stack slot to memory mapping:

stack at sp + 0 slots: 0x0000016c456254b0 points into unknown readable memory: 0x0000000000000000 | 00 00 00 00 00 00 00 00
stack at sp + 1 slots: 0x0000003f00000001 is an unknown value
stack at sp + 2 slots: 0x0000000086000000 is an unknown value
stack at sp + 3 slots: 0x0000003f2e2fec80 is pointing into the stack for thread: 0x0000016c49ebe400
stack at sp + 4 slots: 0x0000016c00000000 is pointing into metadata
stack at sp + 5 slots: 0x0000003f00008040 is an unknown value
stack at sp + 6 slots: 0x0000000000000005 is an unknown value
stack at sp + 7 slots: 0x0 is null

native method entry point (kind = native)  [0x0000016c5b00cb20, 0x0000016c5b00d640]  2848 bytes
[MachCode]
  0x0000016c5b00cb20: 488b 4b08 | 0fb7 492e | 584c 8d74 | ccf8 6800 | 0000 0068 | 0000 0000 | 5055 488b | ec41 5568 
  0x0000016c5b00cb40: 0000 0000 | 4c8b 6b08 | 4d8d 6d38 | 5348 8b53 | 0848 8b52 | 0848 8b52 | 1848 8b52 | 7048 8b12 
  0x0000016c5b00cb60: 5248 8b53 | 1048 85d2 | 0f84 0700 | 0000 4881 | c210 0100 | 0052 488b | 5308 488b | 5208 488b 
  0x0000016c5b00cb80: 5210 5249 | 8bc6 482b | c548 c1e8 | 0350 6800 | 0000 0068 | f7ff ffff | 41c6 8781 | 0400 0001 
  0x0000016c5b00cba0: 488b 4310 | 4885 c074 | 208b 88cc | 0000 0083 | c102 8988 | cc00 0000 | 2388 e000 | 0000 0f84 
  0x0000016c5b00cbc0: cb09 0000 | e9cf 0000 | 0048 8b43 | 1848 85c0 | 0f85 b000 | 0000 e805 | 0000 00e9 | 9900 0000 
  0x0000016c5b00cbe0: 488b d348 | 8d44 2408 | 4c89 6dc0 | 498b cfc5 | f877 4989 | afb0 0300 | 0049 8987 | a003 0000 
  0x0000016c5b00cc00: 4883 ec20 | 40f6 c40f | 0f84 1900 | 0000 4883 | ec08 48b8 | a0a3 c33f | f97f 0000 | ffd0 4883 
  0x0000016c5b00cc20: c408 e90c | 0000 0048 | b8a0 a3c3 | 3ff9 7f00 | 00ff d048 | 83c4 2049 | c787 a003 | 0000 0000 
  0x0000016c5b00cc40: 0000 49c7 | 87b0 0300 | 0000 0000 | 0049 c787 | a803 0000 | 0000 0000 | c5f8 7749 | 837f 0800 
  0x0000016c5b00cc60: 0f84 0500 | 0000 e995 | 42ff ff4c | 8b6d c04c | 8b75 c84e | 8d74 f500 | c348 8b43 | 1848 85c0 
  0x0000016c5b00cc80: 0f84 1200 | 0000 8b48 | 0883 c102 | 8948 0823 | 481c 0f84 | f708 0000 | 493b a7f0 | 0400 000f 
  0x0000016c5b00cca0: 8748 0000 | 0089 8424 | 00f0 ffff | 8984 2400 | e0ff ff89 | 8424 00d0 | ffff 8984 | 2400 c0ff 
  0x0000016c5b00ccc0: ff89 8424 | 00b0 ffff | 8984 2400 | a0ff ff89 | 8424 0090 | ffff 8984 | 2400 80ff | ff49 3ba7 
  0x0000016c5b00cce0: e804 0000 | 7607 4989 | a7f0 0400 | 0041 c687 | 8104 0000 | 0049 ba9c | 304a 40f9 | 7f00 0041 
  0x0000016c5b00cd00: 803a 000f | 843e 0000 | 0048 8b55 | e849 8bcf | 4883 ec20 | 40f6 c40f | 0f84 1900 | 0000 4883 
  0x0000016c5b00cd20: ec08 48b8 | 40b5 fa3f | f97f 0000 | ffd0 4883 | c408 e90c | 0000 0048 | b840 b5fa | 3ff9 7f00 
  0x0000016c5b00cd40: 00ff d048 | 83c4 2048 | 8b5d e84c | 8b5b 0845 | 0fb7 5b2e | 41c1 e303 | 492b e348 | 83ec 2048 
  0x0000016c5b00cd60: 83e4 f04c | 8b5b 604d | 85db 0f85 | ab00 0000 | e805 0000 | 00e9 9900 | 0000 488b | d348 8d44 
  0x0000016c5b00cd80: 2408 4c89 | 6dc0 498b | cfc5 f877 | 4989 afb0 | 0300 0049 | 8987 a003 | 0000 4883 | ec20 40f6 
  0x0000016c5b00cda0: c40f 0f84 | 1900 0000 | 4883 ec08 | 48b8 c0ca | c33f f97f | 0000 ffd0 | 4883 c408 | e90c 0000 
  0x0000016c5b00cdc0: 0048 b8c0 | cac3 3ff9 | 7f00 00ff | d048 83c4 | 2049 c787 | a003 0000 | 0000 0000 | 49c7 87b0 
  0x0000016c5b00cde0: 0300 0000 | 0000 0049 | c787 a803 | 0000 0000 | 0000 c5f8 | 7749 837f | 0800 0f84 | 0500 0000 
  0x0000016c5b00ce00: e9fb 40ff | ff4c 8b6d | c04c 8b75 | c84e 8d74 | f500 c348 | 8b5d e84c | 8b5b 6041 | ffd3 488b 
  0x0000016c5b00ce20: 5de8 4889 | 4518 448b | 5b28 41f6 | c308 0f84 | 1b00 0000 | 4c8b 5b08 | 4d8b 5b08 | 4d8b 5b18 
  0x0000016c5b00ce40: 4d8b 5b70 | 4d8b 1b4c | 895d 1048 | 8d55 1048 | 8b43 5849 | ba40 0cfb | 3ff9 7f00 | 0049 3bc2 
  0x0000016c5b00ce60: 0f85 ab00 | 0000 e805 | 0000 00e9 | 9900 0000 | 488b d348 | 8d44 2408 | 4c89 6dc0 | 498b cfc5 
  0x0000016c5b00ce80: f877 4989 | afb0 0300 | 0049 8987 | a003 0000 | 4883 ec20 | 40f6 c40f | 0f84 1900 | 0000 4883 
  0x0000016c5b00cea0: ec08 48b8 | c0ca c33f | f97f 0000 | ffd0 4883 | c408 e90c | 0000 0048 | b8c0 cac3 | 3ff9 7f00 
  0x0000016c5b00cec0: 00ff d048 | 83c4 2049 | c787 a003 | 0000 0000 | 0000 49c7 | 87b0 0300 | 0000 0000 | 0049 c787 
  0x0000016c5b00cee0: a803 0000 | 0000 0000 | c5f8 7749 | 837f 0800 | 0f84 0500 | 0000 e905 | 40ff ff4c | 8b6d c04c 
  0x0000016c5b00cf00: 8b75 c84e | 8d74 f500 | c348 8b5d | e848 8b43 | 5849 8d8f | c003 0000 | c5f8 7749 | 89af b003 
  0x0000016c5b00cf20: 0000 49ba | 18cf 005b | 6c01 0000 | 4d89 97a8 | 0300 0049 | 89a7 a003 | 0000 41c7 | 8754 0400 
  0x0000016c5b00cf40: 0004 0000 | 00ff d0c5 | f877 4883 | ec10 c5fb | 1104 2448 | 83ec 1048 | 8904 2448 | c744 2408 
  0x0000016c5b00cf60: 0000 0000 | 41c7 8754 | 0400 0005 | 0000 00f0 | 8344 24c0 | 0049 3baf | 5804 0000 | 0f87 0e00 
  0x0000016c5b00cf80: 0000 4183 | bf50 0400 | 0000 0f84 | 2000 0000 | 498b cf4c | 8be4 4883 | ec20 4883 | e4f0 48b8 
  0x0000016c5b00cfa0: d01e c53f | f97f 0000 | ffd0 498b | e44d 33e4 | 41c7 8754 | 0400 0008 | 0000 0049 | c787 a003 
  0x0000016c5b00cfc0: 0000 0000 | 0000 49c7 | 87b0 0300 | 0000 0000 | 0049 c787 | a803 0000 | 0000 0000 | c5f8 774d 
  0x0000016c5b00cfe0: 8b9f 3004 | 0000 41c7 | 8300 0100 | 0000 0000 | 0049 bb1a | a500 5b6c | 0100 004c | 3b5d 180f 
  0x0000016c5b00d000: 8524 0200 | 0048 8b04 | 2448 83c4 | 1048 85c0 | 0f84 fe01 | 0000 a803 | 0f85 0800 | 0000 488b 
  0x0000016c5b00d020: 00e9 ee01 | 0000 a801 | 0f85 0900 | 0000 488b | 40fe e9dd | 0100 0048 | 8b40 ff41 | 807f 3800 
  0x0000016c5b00d040: 0f84 ce01 | 0000 4883 | f800 0f84 | c401 0000 | 4d8b 5f28 | 4983 fb00 | 0f84 1400 | 0000 4983 
  0x0000016c5b00d060: eb08 4d89 | 5f28 4d03 | 5f30 4989 | 03e9 a201 | 0000 4881 | ecd0 0000 | 0048 8904 | 2448 894c 
  0x0000016c5b00d080: 2408 4889 | 5424 1048 | 8974 2418 | 4889 7c24 | 204c 8944 | 2428 4c89 | 4c24 304c | 8954 2438 
  0x0000016c5b00d0a0: 4c89 5c24 | 40c5 fb11 | 4424 50c5 | fb11 4c24 | 58c5 fb11 | 5424 60c5 | fb11 5c24 | 68c5 fb11 
  0x0000016c5b00d0c0: 6424 70c5 | fb11 6c24 | 78c5 fb11 | b424 8000 | 0000 c5fb | 11bc 2488 | 0000 00c5 | 7b11 8424 
  0x0000016c5b00d0e0: 9000 0000 | c57b 118c | 2498 0000 | 00c5 7b11 | 9424 a000 | 0000 c57b | 119c 24a8 | 0000 00c5 
  0x0000016c5b00d100: 7b11 a424 | b000 0000 | c57b 11ac | 24b8 0000 | 00c5 7b11 | b424 c000 | 0000 c57b | 11bc 24c8 
  0x0000016c5b00d120: 0000 0049 | 8bd7 488b | c848 83ec | 2040 f6c4 | 0f0f 8419 | 0000 0048 | 83ec 0848 | b8e0 3eb8 
  0x0000016c5b00d140: 3ff9 7f00 | 00ff d048 | 83c4 08e9 | 0c00 0000 | 48b8 e03e | b83f f97f | 0000 ffd0 | 4883 c420 
  0x0000016c5b00d160: c57b 10bc | 24c8 0000 | 00c5 7b10 | b424 c000 | 0000 c57b | 10ac 24b8 | 0000 00c5 | 7b10 a424 
  0x0000016c5b00d180: b000 0000 | c57b 109c | 24a8 0000 | 00c5 7b10 | 9424 a000 | 0000 c57b | 108c 2498 | 0000 00c5 
  0x0000016c5b00d1a0: 7b10 8424 | 9000 0000 | c5fb 10bc | 2488 0000 | 00c5 fb10 | b424 8000 | 0000 c5fb | 106c 2478 
  0x0000016c5b00d1c0: c5fb 1064 | 2470 c5fb | 105c 2468 | c5fb 1054 | 2460 c5fb | 104c 2458 | c5fb 1044 | 2450 4c8b 
  0x0000016c5b00d1e0: 5c24 404c | 8b54 2438 | 4c8b 4c24 | 304c 8b44 | 2428 488b | 7c24 2048 | 8b74 2418 | 488b 5424 
  0x0000016c5b00d200: 1048 8b4c | 2408 488b | 0424 4881 | c4d0 0000 | 00c5 f877 | 4889 4510 | 4883 ec10 | 4889 0424 
  0x0000016c5b00d220: 48c7 4424 | 0800 0000 | 0041 83bf | d004 0000 | 020f 85bf | 0000 0048 | 81ec 8000 | 0000 4889 
  0x0000016c5b00d240: 4424 7848 | 894c 2470 | 4889 5424 | 6848 895c | 2460 4889 | 6c24 5048 | 8974 2448 | 4889 7c24 
  0x0000016c5b00d260: 404c 8944 | 2438 4c89 | 4c24 304c | 8954 2428 | 4c89 5c24 | 204c 8964 | 2418 4c89 | 6c24 104c 
  0x0000016c5b00d280: 8974 2408 | 4c89 3c24 | 4c8b e448 | 83ec 2048 | 83e4 f048 | b890 edfa | 3ff9 7f00 | 00ff d049 
  0x0000016c5b00d2a0: 8be4 4c8b | 3c24 4c8b | 7424 084c | 8b6c 2410 | 4c8b 6424 | 184c 8b5c | 2420 4c8b | 5424 284c 
  0x0000016c5b00d2c0: 8b4c 2430 | 4c8b 4424 | 3848 8b7c | 2440 488b | 7424 4848 | 8b6c 2450 | 488b 5c24 | 6048 8b54 
  0x0000016c5b00d2e0: 2468 488b | 4c24 7048 | 8b44 2478 | 4881 c480 | 0000 004d | 33e4 488b | 5de8 4c8b | 6b08 4d8d 
  0x0000016c5b00d300: 6d38 4983 | 7f08 000f | 84bb 0000 | 00e8 0500 | 0000 e996 | 0000 0048 | 8d44 2408 | 4c89 6dc0 
  0x0000016c5b00d320: 498b cfc5 | f877 4989 | afb0 0300 | 0049 8987 | a003 0000 | 4883 ec20 | 40f6 c40f | 0f84 1900 
  0x0000016c5b00d340: 0000 4883 | ec08 48b8 | 00e9 c33f | f97f 0000 | ffd0 4883 | c408 e90c | 0000 0048 | b800 e9c3 
  0x0000016c5b00d360: 3ff9 7f00 | 00ff d048 | 83c4 2049 | c787 a003 | 0000 0000 | 0000 49c7 | 87b0 0300 | 0000 0000 
  0x0000016c5b00d380: 0049 c787 | a803 0000 | 0000 0000 | c5f8 7749 | 837f 0800 | 0f84 0500 | 0000 e961 | 3bff ff4c 
  0x0000016c5b00d3a0: 8b6d c04c | 8b75 c84e | 8d74 f500 | c348 b9c0 | 1822 40f9 | 7f00 0048 | 83e4 f048 | b8c0 94e9 
  0x0000016c5b00d3c0: 3ff9 7f00 | 00ff d0f4 | 448b 5b28 | 41f6 c320 | 0f84 4401 | 0000 488d | 55a8 4c8b | 5a08 4d85 
  0x0000016c5b00d3e0: db0f 85bb | 0000 00e8 | 0500 0000 | e996 0000 | 0048 8d44 | 2408 4c89 | 6dc0 498b | cfc5 f877 
  0x0000016c5b00d400: 4989 afb0 | 0300 0049 | 8987 a003 | 0000 4883 | ec20 40f6 | c40f 0f84 | 1900 0000 | 4883 ec08 
  0x0000016c5b00d420: 48b8 30e8 | c33f f97f | 0000 ffd0 | 4883 c408 | e90c 0000 | 0048 b830 | e8c3 3ff9 | 7f00 00ff 
  0x0000016c5b00d440: d048 83c4 | 2049 c787 | a003 0000 | 0000 0000 | 49c7 87b0 | 0300 0000 | 0000 0049 | c787 a803 
  0x0000016c5b00d460: 0000 0000 | 0000 c5f8 | 7749 837f | 0800 0f84 | 0500 0000 | e987 3aff | ff4c 8b6d | c04c 8b75 
  0x0000016c5b00d480: c84e 8d74 | f500 c348 | b9c0 1822 | 40f9 7f00 | 0048 83e4 | f048 b8c0 | 94e9 3ff9 | 7f00 00ff 
  0x0000016c5b00d4a0: d0f4 4c89 | 6dc0 488d | 024c 8b4a | 0848 c742 | 0800 0000 | 004c 8b00 | 4d85 c00f | 840b 0000 
  0x0000016c5b00d4c0: 00f0 4d0f | b101 0f85 | 0c00 0000 | 49ff 8f58 | 0500 00e9 | 3e00 0000 | 4c89 4a08 | 488b ca48 
  0x0000016c5b00d4e0: 83ec 2040 | f6c4 0f0f | 8419 0000 | 0048 83ec | 0848 b8c0 | bac3 3ff9 | 7f00 00ff | d048 83c4 
  0x0000016c5b00d500: 08e9 0c00 | 0000 48b8 | c0ba c33f | f97f 0000 | ffd0 4883 | c420 4c8b | 6dc0 49ba | 9c30 4a40 
  0x0000016c5b00d520: f97f 0000 | 4180 3a00 | 0f84 3e00 | 0000 488b | 55e8 498b | cf48 83ec | 2040 f6c4 | 0f0f 8419 
  0x0000016c5b00d540: 0000 0048 | 83ec 0848 | b840 b5fa | 3ff9 7f00 | 00ff d048 | 83c4 08e9 | 0c00 0000 | 48b8 40b5 
  0x0000016c5b00d560: fa3f f97f | 0000 ffd0 | 4883 c420 | 488b 0424 | 4883 c410 | c5fb 1004 | 2448 83c4 | 104c 8b5d 
  0x0000016c5b00d580: 1841 ffd3 | 4c8b 5df8 | c95f 498b | e3ff e7ba | 0000 0000 | e805 0000 | 00e9 9600 | 0000 488d 
  0x0000016c5b00d5a0: 4424 084c | 896d c049 | 8bcf c5f8 | 7749 89af | b003 0000 | 4989 87a0 | 0300 0048 | 83ec 2040 
  0x0000016c5b00d5c0: f6c4 0f0f | 8419 0000 | 0048 83ec | 0848 b880 | aec3 3ff9 | 7f00 00ff | d048 83c4 | 08e9 0c00 
  0x0000016c5b00d5e0: 0000 48b8 | 80ae c33f | f97f 0000 | ffd0 4883 | c420 49c7 | 87a0 0300 | 0000 0000 | 0049 c787 
  0x0000016c5b00d600: b003 0000 | 0000 0000 | 49c7 87a8 | 0300 0000 | 0000 00c5 | f877 4983 | 7f08 000f | 8405 0000 
  0x0000016c5b00d620: 00e9 da38 | ffff 4c8b | 6dc0 4c8b | 75c8 4e8d | 74f5 00c3 | 488b 5de8 | e95b f6ff | ff66 6690 
[/MachCode]

---------------  P R O C E S S  ---------------

Threads class SMR info:
_java_thread_list=0x0000016c452245f0, length=11, elements={
0x0000016c49ebe400, 0x0000016c69264c60, 0x0000016c69265d30, 0x0000016c69269fe0,
0x0000016c6926ada0, 0x0000016c6926bb60, 0x0000016c69275310, 0x0000016c6927e410,
0x0000016c6927fed0, 0x0000016c4521e090, 0x0000016c4522af40
}

Java Threads: ( => current thread )
=>0x0000016c49ebe400 JavaThread "main"                              [_thread_in_native, id=12800, stack(0x0000003f2e200000,0x0000003f2e300000) (1024K)]
  0x0000016c69264c60 JavaThread "Reference Handler"          daemon [_thread_blocked, id=6192, stack(0x0000003f2ea00000,0x0000003f2eb00000) (1024K)]
  0x0000016c69265d30 JavaThread "Finalizer"                  daemon [_thread_blocked, id=8948, stack(0x0000003f2eb00000,0x0000003f2ec00000) (1024K)]
  0x0000016c69269fe0 JavaThread "Signal Dispatcher"          daemon [_thread_blocked, id=9780, stack(0x0000003f2ec00000,0x0000003f2ed00000) (1024K)]
  0x0000016c6926ada0 JavaThread "Attach Listener"            daemon [_thread_blocked, id=9296, stack(0x0000003f2ed00000,0x0000003f2ee00000) (1024K)]
  0x0000016c6926bb60 JavaThread "Service Thread"             daemon [_thread_blocked, id=11804, stack(0x0000003f2ee00000,0x0000003f2ef00000) (1024K)]
  0x0000016c69275310 JavaThread "Monitor Deflation Thread"   daemon [_thread_blocked, id=3500, stack(0x0000003f2ef00000,0x0000003f2f000000) (1024K)]
  0x0000016c6927e410 JavaThread "C2 CompilerThread0"         daemon [_thread_blocked, id=12484, stack(0x0000003f2f000000,0x0000003f2f100000) (1024K)]
  0x0000016c6927fed0 JavaThread "C1 CompilerThread0"         daemon [_thread_blocked, id=9744, stack(0x0000003f2f100000,0x0000003f2f200000) (1024K)]
  0x0000016c4521e090 JavaThread "Notification Thread"        daemon [_thread_blocked, id=7520, stack(0x0000003f2f200000,0x0000003f2f300000) (1024K)]
  0x0000016c4522af40 JavaThread "Common-Cleaner"             daemon [_thread_blocked, id=2096, stack(0x0000003f2f300000,0x0000003f2f400000) (1024K)]
Total: 11

Other Threads:
  0x0000016c69248d60 VMThread "VM Thread"                           [id=2900, stack(0x0000003f2e900000,0x0000003f2ea00000) (1024K)]
  0x0000016c69232940 WatcherThread "VM Periodic Task Thread"        [id=2888, stack(0x0000003f2e800000,0x0000003f2e900000) (1024K)]
  0x0000016c4a00e7f0 WorkerThread "GC Thread#0"                     [id=13044, stack(0x0000003f2e300000,0x0000003f2e400000) (1024K)]
  0x0000016c4a01b7a0 ConcurrentGCThread "G1 Main Marker"            [id=8244, stack(0x0000003f2e400000,0x0000003f2e500000) (1024K)]
  0x0000016c4a01de60 WorkerThread "G1 Conc#0"                       [id=12648, stack(0x0000003f2e500000,0x0000003f2e600000) (1024K)]
  0x0000016c4a08e750 ConcurrentGCThread "G1 Refine#0"               [id=12972, stack(0x0000003f2e600000,0x0000003f2e700000) (1024K)]
  0x0000016c691023e0 ConcurrentGCThread "G1 Service"                [id=10260, stack(0x0000003f2e700000,0x0000003f2e800000) (1024K)]
Total: 7

Threads with active compile tasks:
Total: 0

VM state: not at safepoint (normal execution)

VM Mutex/Monitor currently owned by a thread: None

Heap address: 0x0000000741e00000, size: 3042 MB, Compressed Oops mode: Zero based, Oop shift amount: 3

CDS archive(s) mapped at: [0x0000016c00000000-0x0000016c00c60000-0x0000016c00c60000), size 12976128, SharedBaseAddress: 0x0000016c00000000, ArchiveRelocationMode: 1.
Compressed class space mapped at: 0x0000016c01000000-0x0000016c41000000, reserved size: 1073741824
Narrow klass base: 0x0000016c00000000, Narrow klass shift: 0, Narrow klass range: 0x41000000

GC Precious Log:
 CardTable entry size: 512
 Card Set container configuration: InlinePtr #cards 4 size 8 Array Of Cards #cards 16 size 48 Howl #buckets 8 coarsen threshold 3686 Howl Bitmap #cards 512 size 80 coarsen threshold 460 Card regions per heap region 1 cards per card region 4096
 CPUs: 4 total, 4 available
 Memory: 12162M
 Large Page Support: Disabled
 NUMA Support: Disabled
 Compressed Oops: Enabled (Zero based)
 Heap Region Size: 2M
 Heap Min Capacity: 8M
 Heap Initial Capacity: 192M
 Heap Max Capacity: 3042M
 Pre-touch: Disabled
 Parallel Workers: 4
 Concurrent Workers: 1
 Concurrent Refinement Workers: 4
 Periodic GC: Disabled

Heap:
 garbage-first heap   total reserved 3115008K, committed 196608K, used 2048K [0x0000000741e00000, 0x0000000800000000)
  region size 2048K, 3 young (6144K), 0 survivors (0K)
 Metaspace       used 2309K, committed 2496K, reserved 1114112K
  class space    used 163K, committed 256K, reserved 1048576K

Heap Regions: E=young(eden), S=young(survivor), O=old, HS=humongous(starts), HC=humongous(continues), CS=collection set, F=free, TAMS=top-at-mark-start, PB=parsable bottom
|   0|0x0000000741e00000, 0x0000000741e00000, 0x0000000742000000|  0%| F|  |TAMS 0x0000000741e00000| PB 0x0000000741e00000| Untracked |  0
|   1|0x0000000742000000, 0x0000000742000000, 0x0000000742200000|  0%| F|  |TAMS 0x0000000742000000| PB 0x0000000742000000| Untracked |  0
|   2|0x0000000742200000, 0x0000000742200000, 0x0000000742400000|  0%| F|  |TAMS 0x0000000742200000| PB 0x0000000742200000| Untracked |  0
|   3|0x0000000742400000, 0x0000000742400000, 0x0000000742600000|  0%| F|  |TAMS 0x0000000742400000| PB 0x0000000742400000| Untracked |  0
|   4|0x0000000742600000, 0x0000000742600000, 0x0000000742800000|  0%| F|  |TAMS 0x0000000742600000| PB 0x0000000742600000| Untracked |  0
|   5|0x0000000742800000, 0x0000000742800000, 0x0000000742a00000|  0%| F|  |TAMS 0x0000000742800000| PB 0x0000000742800000| Untracked |  0
|   6|0x0000000742a00000, 0x0000000742a00000, 0x0000000742c00000|  0%| F|  |TAMS 0x0000000742a00000| PB 0x0000000742a00000| Untracked |  0
|   7|0x0000000742c00000, 0x0000000742c00000, 0x0000000742e00000|  0%| F|  |TAMS 0x0000000742c00000| PB 0x0000000742c00000| Untracked |  0
|   8|0x0000000742e00000, 0x0000000742e00000, 0x0000000743000000|  0%| F|  |TAMS 0x0000000742e00000| PB 0x0000000742e00000| Untracked |  0
|   9|0x0000000743000000, 0x0000000743000000, 0x0000000743200000|  0%| F|  |TAMS 0x0000000743000000| PB 0x0000000743000000| Untracked |  0
|  10|0x0000000743200000, 0x0000000743200000, 0x0000000743400000|  0%| F|  |TAMS 0x0000000743200000| PB 0x0000000743200000| Untracked |  0
|  11|0x0000000743400000, 0x0000000743400000, 0x0000000743600000|  0%| F|  |TAMS 0x0000000743400000| PB 0x0000000743400000| Untracked |  0
|  12|0x0000000743600000, 0x0000000743600000, 0x0000000743800000|  0%| F|  |TAMS 0x0000000743600000| PB 0x0000000743600000| Untracked |  0
|  13|0x0000000743800000, 0x0000000743800000, 0x0000000743a00000|  0%| F|  |TAMS 0x0000000743800000| PB 0x0000000743800000| Untracked |  0
|  14|0x0000000743a00000, 0x0000000743a00000, 0x0000000743c00000|  0%| F|  |TAMS 0x0000000743a00000| PB 0x0000000743a00000| Untracked |  0
|  15|0x0000000743c00000, 0x0000000743c00000, 0x0000000743e00000|  0%| F|  |TAMS 0x0000000743c00000| PB 0x0000000743c00000| Untracked |  0
|  16|0x0000000743e00000, 0x0000000743e00000, 0x0000000744000000|  0%| F|  |TAMS 0x0000000743e00000| PB 0x0000000743e00000| Untracked |  0
|  17|0x0000000744000000, 0x0000000744000000, 0x0000000744200000|  0%| F|  |TAMS 0x0000000744000000| PB 0x0000000744000000| Untracked |  0
|  18|0x0000000744200000, 0x0000000744200000, 0x0000000744400000|  0%| F|  |TAMS 0x0000000744200000| PB 0x0000000744200000| Untracked |  0
|  19|0x0000000744400000, 0x0000000744400000, 0x0000000744600000|  0%| F|  |TAMS 0x0000000744400000| PB 0x0000000744400000| Untracked |  0
|  20|0x0000000744600000, 0x0000000744600000, 0x0000000744800000|  0%| F|  |TAMS 0x0000000744600000| PB 0x0000000744600000| Untracked |  0
|  21|0x0000000744800000, 0x0000000744800000, 0x0000000744a00000|  0%| F|  |TAMS 0x0000000744800000| PB 0x0000000744800000| Untracked |  0
|  22|0x0000000744a00000, 0x0000000744a00000, 0x0000000744c00000|  0%| F|  |TAMS 0x0000000744a00000| PB 0x0000000744a00000| Untracked |  0
|  23|0x0000000744c00000, 0x0000000744c00000, 0x0000000744e00000|  0%| F|  |TAMS 0x0000000744c00000| PB 0x0000000744c00000| Untracked |  0
|  24|0x0000000744e00000, 0x0000000744e00000, 0x0000000745000000|  0%| F|  |TAMS 0x0000000744e00000| PB 0x0000000744e00000| Untracked |  0
|  25|0x0000000745000000, 0x0000000745000000, 0x0000000745200000|  0%| F|  |TAMS 0x0000000745000000| PB 0x0000000745000000| Untracked |  0
|  26|0x0000000745200000, 0x0000000745200000, 0x0000000745400000|  0%| F|  |TAMS 0x0000000745200000| PB 0x0000000745200000| Untracked |  0
|  27|0x0000000745400000, 0x0000000745400000, 0x0000000745600000|  0%| F|  |TAMS 0x0000000745400000| PB 0x0000000745400000| Untracked |  0
|  28|0x0000000745600000, 0x0000000745600000, 0x0000000745800000|  0%| F|  |TAMS 0x0000000745600000| PB 0x0000000745600000| Untracked |  0
|  29|0x0000000745800000, 0x0000000745800000, 0x0000000745a00000|  0%| F|  |TAMS 0x0000000745800000| PB 0x0000000745800000| Untracked |  0
|  30|0x0000000745a00000, 0x0000000745a00000, 0x0000000745c00000|  0%| F|  |TAMS 0x0000000745a00000| PB 0x0000000745a00000| Untracked |  0
|  31|0x0000000745c00000, 0x0000000745c00000, 0x0000000745e00000|  0%| F|  |TAMS 0x0000000745c00000| PB 0x0000000745c00000| Untracked |  0
|  32|0x0000000745e00000, 0x0000000745e00000, 0x0000000746000000|  0%| F|  |TAMS 0x0000000745e00000| PB 0x0000000745e00000| Untracked |  0
|  33|0x0000000746000000, 0x0000000746000000, 0x0000000746200000|  0%| F|  |TAMS 0x0000000746000000| PB 0x0000000746000000| Untracked |  0
|  34|0x0000000746200000, 0x0000000746200000, 0x0000000746400000|  0%| F|  |TAMS 0x0000000746200000| PB 0x0000000746200000| Untracked |  0
|  35|0x0000000746400000, 0x0000000746400000, 0x0000000746600000|  0%| F|  |TAMS 0x0000000746400000| PB 0x0000000746400000| Untracked |  0
|  36|0x0000000746600000, 0x0000000746600000, 0x0000000746800000|  0%| F|  |TAMS 0x0000000746600000| PB 0x0000000746600000| Untracked |  0
|  37|0x0000000746800000, 0x0000000746800000, 0x0000000746a00000|  0%| F|  |TAMS 0x0000000746800000| PB 0x0000000746800000| Untracked |  0
|  38|0x0000000746a00000, 0x0000000746a00000, 0x0000000746c00000|  0%| F|  |TAMS 0x0000000746a00000| PB 0x0000000746a00000| Untracked |  0
|  39|0x0000000746c00000, 0x0000000746c00000, 0x0000000746e00000|  0%| F|  |TAMS 0x0000000746c00000| PB 0x0000000746c00000| Untracked |  0
|  40|0x0000000746e00000, 0x0000000746e00000, 0x0000000747000000|  0%| F|  |TAMS 0x0000000746e00000| PB 0x0000000746e00000| Untracked |  0
|  41|0x0000000747000000, 0x0000000747000000, 0x0000000747200000|  0%| F|  |TAMS 0x0000000747000000| PB 0x0000000747000000| Untracked |  0
|  42|0x0000000747200000, 0x0000000747200000, 0x0000000747400000|  0%| F|  |TAMS 0x0000000747200000| PB 0x0000000747200000| Untracked |  0
|  43|0x0000000747400000, 0x0000000747400000, 0x0000000747600000|  0%| F|  |TAMS 0x0000000747400000| PB 0x0000000747400000| Untracked |  0
|  44|0x0000000747600000, 0x0000000747600000, 0x0000000747800000|  0%| F|  |TAMS 0x0000000747600000| PB 0x0000000747600000| Untracked |  0
|  45|0x0000000747800000, 0x0000000747800000, 0x0000000747a00000|  0%| F|  |TAMS 0x0000000747800000| PB 0x0000000747800000| Untracked |  0
|  46|0x0000000747a00000, 0x0000000747a00000, 0x0000000747c00000|  0%| F|  |TAMS 0x0000000747a00000| PB 0x0000000747a00000| Untracked |  0
|  47|0x0000000747c00000, 0x0000000747c00000, 0x0000000747e00000|  0%| F|  |TAMS 0x0000000747c00000| PB 0x0000000747c00000| Untracked |  0
|  48|0x0000000747e00000, 0x0000000747e00000, 0x0000000748000000|  0%| F|  |TAMS 0x0000000747e00000| PB 0x0000000747e00000| Untracked |  0
|  49|0x0000000748000000, 0x0000000748000000, 0x0000000748200000|  0%| F|  |TAMS 0x0000000748000000| PB 0x0000000748000000| Untracked |  0
|  50|0x0000000748200000, 0x0000000748200000, 0x0000000748400000|  0%| F|  |TAMS 0x0000000748200000| PB 0x0000000748200000| Untracked |  0
|  51|0x0000000748400000, 0x0000000748400000, 0x0000000748600000|  0%| F|  |TAMS 0x0000000748400000| PB 0x0000000748400000| Untracked |  0
|  52|0x0000000748600000, 0x0000000748600000, 0x0000000748800000|  0%| F|  |TAMS 0x0000000748600000| PB 0x0000000748600000| Untracked |  0
|  53|0x0000000748800000, 0x0000000748800000, 0x0000000748a00000|  0%| F|  |TAMS 0x0000000748800000| PB 0x0000000748800000| Untracked |  0
|  54|0x0000000748a00000, 0x0000000748a00000, 0x0000000748c00000|  0%| F|  |TAMS 0x0000000748a00000| PB 0x0000000748a00000| Untracked |  0
|  55|0x0000000748c00000, 0x0000000748c00000, 0x0000000748e00000|  0%| F|  |TAMS 0x0000000748c00000| PB 0x0000000748c00000| Untracked |  0
|  56|0x0000000748e00000, 0x0000000748e00000, 0x0000000749000000|  0%| F|  |TAMS 0x0000000748e00000| PB 0x0000000748e00000| Untracked |  0
|  57|0x0000000749000000, 0x0000000749000000, 0x0000000749200000|  0%| F|  |TAMS 0x0000000749000000| PB 0x0000000749000000| Untracked |  0
|  58|0x0000000749200000, 0x0000000749200000, 0x0000000749400000|  0%| F|  |TAMS 0x0000000749200000| PB 0x0000000749200000| Untracked |  0
|  59|0x0000000749400000, 0x0000000749400000, 0x0000000749600000|  0%| F|  |TAMS 0x0000000749400000| PB 0x0000000749400000| Untracked |  0
|  60|0x0000000749600000, 0x0000000749600000, 0x0000000749800000|  0%| F|  |TAMS 0x0000000749600000| PB 0x0000000749600000| Untracked |  0
|  61|0x0000000749800000, 0x0000000749800000, 0x0000000749a00000|  0%| F|  |TAMS 0x0000000749800000| PB 0x0000000749800000| Untracked |  0
|  62|0x0000000749a00000, 0x0000000749a00000, 0x0000000749c00000|  0%| F|  |TAMS 0x0000000749a00000| PB 0x0000000749a00000| Untracked |  0
|  63|0x0000000749c00000, 0x0000000749c00000, 0x0000000749e00000|  0%| F|  |TAMS 0x0000000749c00000| PB 0x0000000749c00000| Untracked |  0
|  64|0x0000000749e00000, 0x0000000749e00000, 0x000000074a000000|  0%| F|  |TAMS 0x0000000749e00000| PB 0x0000000749e00000| Untracked |  0
|  65|0x000000074a000000, 0x000000074a000000, 0x000000074a200000|  0%| F|  |TAMS 0x000000074a000000| PB 0x000000074a000000| Untracked |  0
|  66|0x000000074a200000, 0x000000074a200000, 0x000000074a400000|  0%| F|  |TAMS 0x000000074a200000| PB 0x000000074a200000| Untracked |  0
|  67|0x000000074a400000, 0x000000074a400000, 0x000000074a600000|  0%| F|  |TAMS 0x000000074a400000| PB 0x000000074a400000| Untracked |  0
|  68|0x000000074a600000, 0x000000074a600000, 0x000000074a800000|  0%| F|  |TAMS 0x000000074a600000| PB 0x000000074a600000| Untracked |  0
|  69|0x000000074a800000, 0x000000074a800000, 0x000000074aa00000|  0%| F|  |TAMS 0x000000074a800000| PB 0x000000074a800000| Untracked |  0
|  70|0x000000074aa00000, 0x000000074aa00000, 0x000000074ac00000|  0%| F|  |TAMS 0x000000074aa00000| PB 0x000000074aa00000| Untracked |  0
|  71|0x000000074ac00000, 0x000000074ac00000, 0x000000074ae00000|  0%| F|  |TAMS 0x000000074ac00000| PB 0x000000074ac00000| Untracked |  0
|  72|0x000000074ae00000, 0x000000074ae00000, 0x000000074b000000|  0%| F|  |TAMS 0x000000074ae00000| PB 0x000000074ae00000| Untracked |  0
|  73|0x000000074b000000, 0x000000074b000000, 0x000000074b200000|  0%| F|  |TAMS 0x000000074b000000| PB 0x000000074b000000| Untracked |  0
|  74|0x000000074b200000, 0x000000074b200000, 0x000000074b400000|  0%| F|  |TAMS 0x000000074b200000| PB 0x000000074b200000| Untracked |  0
|  75|0x000000074b400000, 0x000000074b400000, 0x000000074b600000|  0%| F|  |TAMS 0x000000074b400000| PB 0x000000074b400000| Untracked |  0
|  76|0x000000074b600000, 0x000000074b600000, 0x000000074b800000|  0%| F|  |TAMS 0x000000074b600000| PB 0x000000074b600000| Untracked |  0
|  77|0x000000074b800000, 0x000000074b800000, 0x000000074ba00000|  0%| F|  |TAMS 0x000000074b800000| PB 0x000000074b800000| Untracked |  0
|  78|0x000000074ba00000, 0x000000074ba00000, 0x000000074bc00000|  0%| F|  |TAMS 0x000000074ba00000| PB 0x000000074ba00000| Untracked |  0
|  79|0x000000074bc00000, 0x000000074bc00000, 0x000000074be00000|  0%| F|  |TAMS 0x000000074bc00000| PB 0x000000074bc00000| Untracked |  0
|  80|0x000000074be00000, 0x000000074be00000, 0x000000074c000000|  0%| F|  |TAMS 0x000000074be00000| PB 0x000000074be00000| Untracked |  0
|  81|0x000000074c000000, 0x000000074c000000, 0x000000074c200000|  0%| F|  |TAMS 0x000000074c000000| PB 0x000000074c000000| Untracked |  0
|  82|0x000000074c200000, 0x000000074c200000, 0x000000074c400000|  0%| F|  |TAMS 0x000000074c200000| PB 0x000000074c200000| Untracked |  0
|  83|0x000000074c400000, 0x000000074c400000, 0x000000074c600000|  0%| F|  |TAMS 0x000000074c400000| PB 0x000000074c400000| Untracked |  0
|  84|0x000000074c600000, 0x000000074c600000, 0x000000074c800000|  0%| F|  |TAMS 0x000000074c600000| PB 0x000000074c600000| Untracked |  0
|  85|0x000000074c800000, 0x000000074c800000, 0x000000074ca00000|  0%| F|  |TAMS 0x000000074c800000| PB 0x000000074c800000| Untracked |  0
|  86|0x000000074ca00000, 0x000000074ca00000, 0x000000074cc00000|  0%| F|  |TAMS 0x000000074ca00000| PB 0x000000074ca00000| Untracked |  0
|  87|0x000000074cc00000, 0x000000074cc00000, 0x000000074ce00000|  0%| F|  |TAMS 0x000000074cc00000| PB 0x000000074cc00000| Untracked |  0
|  88|0x000000074ce00000, 0x000000074ce00000, 0x000000074d000000|  0%| F|  |TAMS 0x000000074ce00000| PB 0x000000074ce00000| Untracked |  0
|  89|0x000000074d000000, 0x000000074d000000, 0x000000074d200000|  0%| F|  |TAMS 0x000000074d000000| PB 0x000000074d000000| Untracked |  0
|  90|0x000000074d200000, 0x000000074d200000, 0x000000074d400000|  0%| F|  |TAMS 0x000000074d200000| PB 0x000000074d200000| Untracked |  0
|  91|0x000000074d400000, 0x000000074d400000, 0x000000074d600000|  0%| F|  |TAMS 0x000000074d400000| PB 0x000000074d400000| Untracked |  0
|  92|0x000000074d600000, 0x000000074d600000, 0x000000074d800000|  0%| F|  |TAMS 0x000000074d600000| PB 0x000000074d600000| Untracked |  0
|  93|0x000000074d800000, 0x000000074d96cc40, 0x000000074da00000| 71%| E|  |TAMS 0x000000074d800000| PB 0x000000074d800000| Complete |  0
|  94|0x000000074da00000, 0x000000074dc00000, 0x000000074dc00000|100%| E|CS|TAMS 0x000000074da00000| PB 0x000000074da00000| Complete |  0
|  95|0x000000074dc00000, 0x000000074de00000, 0x000000074de00000|100%| E|  |TAMS 0x000000074dc00000| PB 0x000000074dc00000| Complete |  0

Card table byte_map: [0x0000016c636f0000,0x0000016c63cf0000] _byte_map_base: 0x0000016c5fce1000

Marking Bits: (CMBitMap*) 0x0000016c4a00ef00
 Bits: [0x0000016c63cf0000, 0x0000016c66c78000)

Polling page: 0x0000016c49e50000

Metaspace:

Usage:
  Non-class:      2.10 MB used.
      Class:    163.83 KB used.
       Both:      2.26 MB used.

Virtual space:
  Non-class space:       64.00 MB reserved,       2.19 MB (  3%) committed,  1 nodes.
      Class space:        1.00 GB reserved,     256.00 KB ( <1%) committed,  1 nodes.
             Both:        1.06 GB reserved,       2.44 MB ( <1%) committed. 

Chunk freelists:
   Non-Class:  11.17 MB
       Class:  15.68 MB
        Both:  26.86 MB

MaxMetaspaceSize: unlimited
CompressedClassSpaceSize: 1.00 GB
Initial GC threshold: 21.00 MB
Current GC threshold: 21.00 MB
CDS: on
 - commit_granule_bytes: 65536.
 - commit_granule_words: 8192.
 - virtual_space_node_default_size: 8388608.
 - enlarge_chunks_in_place: 1.
 - use_allocation_guard: 0.


Internal statistics:

num_allocs_failed_limit: 0.
num_arena_births: 60.
num_arena_deaths: 0.
num_vsnodes_births: 2.
num_vsnodes_deaths: 0.
num_space_committed: 39.
num_space_uncommitted: 0.
num_chunks_returned_to_freelist: 0.
num_chunks_taken_from_freelist: 112.
num_chunk_merges: 0.
num_chunk_splits: 69.
num_chunks_enlarged: 41.
num_inconsistent_stats: 0.

CodeHeap 'non-profiled nmethods': size=120000Kb used=155Kb max_used=155Kb free=119844Kb
 bounds [0x0000016c5b5a0000, 0x0000016c5b810000, 0x0000016c62ad0000]
CodeHeap 'profiled nmethods': size=120000Kb used=696Kb max_used=696Kb free=119303Kb
 bounds [0x0000016c53ad0000, 0x0000016c53d40000, 0x0000016c5b000000]
CodeHeap 'non-nmethods': size=5760Kb used=2042Kb max_used=2058Kb free=3718Kb
 bounds [0x0000016c5b000000, 0x0000016c5b270000, 0x0000016c5b5a0000]
 total_blobs=1495 nmethods=476 adapters=924
 compilation: enabled
              stopped_count=0, restarted_count=0
 full_count=0

Compilation events (20 events):
Event: 0.312 Thread 0x0000016c6927fed0 nmethod 465 0x0000016c53b7b410 code [0x0000016c53b7b5c0, 0x0000016c53b7b7a0]
Event: 0.312 Thread 0x0000016c6927fed0  466  s    3       sun.nio.ch.ChannelInputStream::read (77 bytes)
Event: 0.312 Thread 0x0000016c6927fed0 nmethod 466 0x0000016c53b7b890 code [0x0000016c53b7bac0, 0x0000016c53b7c340]
Event: 0.318 Thread 0x0000016c6927fed0  468       3       sun.security.provider.DigestBase::implCompressMultiBlock0 (23 bytes)
Event: 0.318 Thread 0x0000016c6927fed0 nmethod 468 0x0000016c53b7c610 code [0x0000016c53b7c7c0, 0x0000016c53b7ca68]
Event: 0.324 Thread 0x0000016c6927fed0  469       3       java.lang.Integer::toUnsignedLong (7 bytes)
Event: 0.324 Thread 0x0000016c6927fed0 nmethod 469 0x0000016c53b7cb90 code [0x0000016c53b7cd20, 0x0000016c53b7ce20]
Event: 0.324 Thread 0x0000016c6927fed0  470       3       org.lwjgl.system.MemoryUtil::write8 (19 bytes)
Event: 0.324 Thread 0x0000016c6927fed0 nmethod 470 0x0000016c53b7ce90 code [0x0000016c53b7d040, 0x0000016c53b7d290]
Event: 0.324 Thread 0x0000016c6927fed0  471       3       sun.misc.Unsafe::putByte (11 bytes)
Event: 0.324 Thread 0x0000016c6927fed0 nmethod 471 0x0000016c53b7d390 code [0x0000016c53b7d520, 0x0000016c53b7d630]
Event: 0.325 Thread 0x0000016c6927fed0  474       3       sun.misc.Unsafe::putInt (11 bytes)
Event: 0.325 Thread 0x0000016c6927fed0 nmethod 474 0x0000016c53b7d710 code [0x0000016c53b7d8a0, 0x0000016c53b7d9b0]
Event: 0.325 Thread 0x0000016c6927fed0  475       3       org.lwjgl.system.MemoryUtil::encodeASCIIUnsafe (53 bytes)
Event: 0.325 Thread 0x0000016c6927fed0 nmethod 475 0x0000016c53b7da90 code [0x0000016c53b7dc80, 0x0000016c53b7e078]
Event: 0.326 Thread 0x0000016c6927fed0  476       1       java.net.URL::getRef (5 bytes)
Event: 0.326 Thread 0x0000016c6927fed0 nmethod 476 0x0000016c5b5c5390 code [0x0000016c5b5c5520, 0x0000016c5b5c55f0]
Event: 0.339 Thread 0x0000016c6927e410 nmethod 464 0x0000016c5b5c5690 code [0x0000016c5b5c5860, 0x0000016c5b5c64a8]
Event: 0.339 Thread 0x0000016c6927e410  467       4       sun.security.provider.SHA::implCompress (13 bytes)
Event: 0.340 Thread 0x0000016c6927e410 nmethod 467 0x0000016c5b5c6910 code [0x0000016c5b5c6aa0, 0x0000016c5b5c6be0]

GC Heap History (0 events):
No events

Dll operation events (7 events):
Event: 0.010 Loaded shared library C:\Program Files\Java\jdk-22\bin\java.dll
Event: 0.042 Loaded shared library C:\Program Files\Java\jdk-22\bin\jsvml.dll
Event: 0.087 Loaded shared library C:\Program Files\Java\jdk-22\bin\net.dll
Event: 0.090 Loaded shared library C:\Program Files\Java\jdk-22\bin\nio.dll
Event: 0.096 Loaded shared library C:\Program Files\Java\jdk-22\bin\zip.dll
Event: 0.149 Loaded shared library C:\Program Files\Java\jdk-22\bin\jimage.dll
Event: 0.189 Loaded shared library C:\Users\Juan Diego\AppData\Local\Temp\lwjgl_Juan\3.3.6+1\x64\lwjgl.dll

Deoptimization events (20 events):
Event: 0.320 Thread 0x0000016c49ebe400 DEOPT PACKING pc=0x0000016c53b51fa5 sp=0x0000003f2e2fe1e0
Event: 0.320 Thread 0x0000016c49ebe400 DEOPT UNPACKING pc=0x0000016c5b054e42 sp=0x0000003f2e2fd678 mode 0
Event: 0.320 Thread 0x0000016c49ebe400 DEOPT PACKING pc=0x0000016c53b51fa5 sp=0x0000003f2e2fe1e0
Event: 0.320 Thread 0x0000016c49ebe400 DEOPT UNPACKING pc=0x0000016c5b054e42 sp=0x0000003f2e2fd678 mode 0
Event: 0.320 Thread 0x0000016c49ebe400 DEOPT PACKING pc=0x0000016c53b51fa5 sp=0x0000003f2e2fe1e0
Event: 0.320 Thread 0x0000016c49ebe400 DEOPT UNPACKING pc=0x0000016c5b054e42 sp=0x0000003f2e2fd678 mode 0
Event: 0.321 Thread 0x0000016c49ebe400 DEOPT PACKING pc=0x0000016c53b51fa5 sp=0x0000003f2e2fe1e0
Event: 0.321 Thread 0x0000016c49ebe400 DEOPT UNPACKING pc=0x0000016c5b054e42 sp=0x0000003f2e2fd678 mode 0
Event: 0.321 Thread 0x0000016c49ebe400 DEOPT PACKING pc=0x0000016c53b51fa5 sp=0x0000003f2e2fe1e0
Event: 0.321 Thread 0x0000016c49ebe400 DEOPT UNPACKING pc=0x0000016c5b054e42 sp=0x0000003f2e2fd678 mode 0
Event: 0.321 Thread 0x0000016c49ebe400 DEOPT PACKING pc=0x0000016c53b51fa5 sp=0x0000003f2e2fe1e0
Event: 0.321 Thread 0x0000016c49ebe400 DEOPT UNPACKING pc=0x0000016c5b054e42 sp=0x0000003f2e2fd678 mode 0
Event: 0.321 Thread 0x0000016c49ebe400 DEOPT PACKING pc=0x0000016c53b51fa5 sp=0x0000003f2e2fe1e0
Event: 0.321 Thread 0x0000016c49ebe400 DEOPT UNPACKING pc=0x0000016c5b054e42 sp=0x0000003f2e2fd678 mode 0
Event: 0.321 Thread 0x0000016c49ebe400 DEOPT PACKING pc=0x0000016c53b51fa5 sp=0x0000003f2e2fe1e0
Event: 0.321 Thread 0x0000016c49ebe400 DEOPT UNPACKING pc=0x0000016c5b054e42 sp=0x0000003f2e2fd678 mode 0
Event: 0.321 Thread 0x0000016c49ebe400 DEOPT PACKING pc=0x0000016c53b51fa5 sp=0x0000003f2e2fe1e0
Event: 0.321 Thread 0x0000016c49ebe400 DEOPT UNPACKING pc=0x0000016c5b054e42 sp=0x0000003f2e2fd678 mode 0
Event: 0.321 Thread 0x0000016c49ebe400 DEOPT PACKING pc=0x0000016c53b51fa5 sp=0x0000003f2e2fe1e0
Event: 0.321 Thread 0x0000016c49ebe400 DEOPT UNPACKING pc=0x0000016c5b054e42 sp=0x0000003f2e2fd678 mode 0

Classes loaded (20 events):
Event: 0.292 Loading class java/nio/BufferOverflowException
Event: 0.292 Loading class java/nio/BufferOverflowException done
Event: 0.292 Loading class java/nio/ShortBuffer
Event: 0.292 Loading class java/nio/ShortBuffer done
Event: 0.294 Loading class java/nio/DirectShortBufferU
Event: 0.294 Loading class java/nio/DirectShortBufferU done
Event: 0.294 Loading class java/nio/DirectCharBufferU
Event: 0.294 Loading class java/nio/DirectCharBufferU done
Event: 0.294 Loading class java/nio/DirectFloatBufferU
Event: 0.294 Loading class java/nio/DirectFloatBufferU done
Event: 0.294 Loading class java/nio/DirectDoubleBufferU
Event: 0.295 Loading class java/nio/DirectDoubleBufferU done
Event: 0.295 Loading class sun/misc/Unsafe
Event: 0.295 Loading class sun/misc/Unsafe done
Event: 0.295 Loading class java/lang/invoke/DirectMethodHandle$StaticAccessor
Event: 0.295 Loading class java/lang/invoke/DirectMethodHandle$StaticAccessor done
Event: 0.298 Loading class java/util/function/LongPredicate
Event: 0.298 Loading class java/util/function/LongPredicate done
Event: 0.300 Loading class java/lang/foreign/MemorySegment
Event: 0.300 Loading class java/lang/foreign/MemorySegment done

Classes unloaded (0 events):
No events

Classes redefined (0 events):
No events

Internal exceptions (17 events):
Event: 0.136 Thread 0x0000016c49ebe400 Exception <a 'java/lang/NoSuchMethodError'{0x000000074daba278}: 'void java.lang.invoke.DirectMethodHandle$Holder.invokeStatic(java.lang.Object, java.lang.Object)'> (0x000000074daba278) 
thrown [s\open\src\hotspot\share\interpreter\linkResolver.cpp, line 774]
Event: 0.137 Thread 0x0000016c49ebe400 Exception <a 'java/lang/NoSuchMethodError'{0x000000074dabf9a8}: 'void java.lang.System.load(java.lang.String, java.lang.Class)'> (0x000000074dabf9a8) 
thrown [s\open\src\hotspot\share\interpreter\linkResolver.cpp, line 774]
Event: 0.137 Thread 0x0000016c49ebe400 Exception <a 'java/lang/NoSuchMethodError'{0x000000074dac0678}: 'void java.lang.invoke.DirectMethodHandle$Holder.invokeSpecial(java.lang.Object, java.lang.Object, java.lang.Object)'> (0x000000074dac0678) 
thrown [s\open\src\hotspot\share\interpreter\linkResolver.cpp, line 774]
Event: 0.140 Thread 0x0000016c49ebe400 Exception <a 'java/lang/NoSuchMethodError'{0x000000074dad2fc0}: 'java.lang.Object java.lang.invoke.DirectMethodHandle$Holder.invokeStatic(java.lang.Object, java.lang.Object, int)'> (0x000000074dad2fc0) 
thrown [s\open\src\hotspot\share\interpreter\linkResolver.cpp, line 774]
Event: 0.141 Thread 0x0000016c49ebe400 Exception <a 'java/lang/NoSuchMethodError'{0x000000074dade820}: 'void java.lang.invoke.DelegatingMethodHandle$Holder.delegate(java.lang.Object, java.lang.Object, int, java.lang.Object)'> (0x000000074dade820) 
thrown [s\open\src\hotspot\share\interpreter\linkResolver.cpp, line 774]
Event: 0.142 Thread 0x0000016c49ebe400 Exception <a 'java/lang/NoSuchMethodError'{0x000000074dae2838}: 'int java.lang.invoke.DirectMethodHandle$Holder.invokeSpecial(java.lang.Object, java.lang.Object, java.lang.Object)'> (0x000000074dae2838) 
thrown [s\open\src\hotspot\share\interpreter\linkResolver.cpp, line 774]
Event: 0.146 Thread 0x0000016c49ebe400 Exception <a 'java/lang/NoSuchMethodError'{0x000000074dafd1f0}: 'void java.lang.System.loadLibrary(java.lang.String, java.lang.Class)'> (0x000000074dafd1f0) 
thrown [s\open\src\hotspot\share\interpreter\linkResolver.cpp, line 774]
Event: 0.195 Thread 0x0000016c49ebe400 Exception <a 'sun/nio/fs/WindowsException'{0x000000074dbd6910}> (0x000000074dbd6910) 
thrown [s\open\src\hotspot\share\prims\jni.cpp, line 520]
Event: 0.195 Thread 0x0000016c49ebe400 Exception <a 'sun/nio/fs/WindowsException'{0x000000074dbd6e48}> (0x000000074dbd6e48) 
thrown [s\open\src\hotspot\share\prims\jni.cpp, line 520]
Event: 0.283 Thread 0x0000016c49ebe400 Exception <a 'sun/nio/fs/WindowsException'{0x000000074d87bbc0}> (0x000000074d87bbc0) 
thrown [s\open\src\hotspot\share\prims\jni.cpp, line 520]
Event: 0.283 Thread 0x0000016c49ebe400 Exception <a 'sun/nio/fs/WindowsException'{0x000000074d87bf30}> (0x000000074d87bf30) 
thrown [s\open\src\hotspot\share\prims\jni.cpp, line 520]
Event: 0.298 Thread 0x0000016c49ebe400 Exception <a 'java/lang/NoSuchMethodError'{0x000000074d8e97c8}: 'int java.lang.invoke.DirectMethodHandle$Holder.invokeStaticInit(java.lang.Object, java.lang.Object, int, long)'> (0x000000074d8e97c8) 
thrown [s\open\src\hotspot\share\interpreter\linkResolver.cpp, line 774]
Event: 0.299 Thread 0x0000016c49ebe400 Exception <a 'java/lang/NoSuchMethodError'{0x000000074d8eeb80}: 'java.lang.Object java.lang.invoke.DirectMethodHandle$Holder.newInvokeSpecial(java.lang.Object, java.lang.Object, int)'> (0x000000074d8eeb80) 
thrown [s\open\src\hotspot\share\interpreter\linkResolver.cpp, line 774]
Event: 0.302 Thread 0x0000016c49ebe400 Exception <a 'java/lang/NoSuchMethodError'{0x000000074d8fd330}: 'int java.lang.invoke.DirectMethodHandle$Holder.invokeStaticInit(java.lang.Object, java.lang.Object, long, long)'> (0x000000074d8fd330) 
thrown [s\open\src\hotspot\share\interpreter\linkResolver.cpp, line 774]
Event: 0.302 Thread 0x0000016c49ebe400 Exception <a 'java/lang/NoSuchMethodError'{0x000000074d903068}: 'java.lang.Object java.lang.invoke.DirectMethodHandle$Holder.newInvokeSpecial(java.lang.Object, java.lang.Object, long)'> (0x000000074d903068) 
thrown [s\open\src\hotspot\share\interpreter\linkResolver.cpp, line 774]
Event: 0.303 Thread 0x0000016c49ebe400 Exception <a 'java/lang/NoSuchMethodError'{0x000000074d9071c0}: 'java.lang.Object java.lang.invoke.Invokers$Holder.linkToTargetMethod(java.lang.Object, long, java.lang.Object)'> (0x000000074d9071c0) 
thrown [s\open\src\hotspot\share\interpreter\linkResolver.cpp, line 774]
Event: 0.304 Thread 0x0000016c49ebe400 Exception <a 'java/lang/NoSuchMethodError'{0x000000074d90e420}: 'int java.lang.invoke.DirectMethodHandle$Holder.invokeStaticInit(java.lang.Object, java.lang.Object, java.lang.Object, long)'> (0x000000074d90e420) 
thrown [s\open\src\hotspot\share\interpreter\linkResolver.cpp, line 774]

ZGC Phase Switch (0 events):
No events

VM Operations (2 events):
Event: 0.096 Executing VM operation: HandshakeAllThreads (Deoptimize)
Event: 0.096 Executing VM operation: HandshakeAllThreads (Deoptimize) done

Events (11 events):
Event: 0.025 Thread 0x0000016c49ebe400 Thread added: 0x0000016c49ebe400
Event: 0.040 Thread 0x0000016c69264c60 Thread added: 0x0000016c69264c60
Event: 0.040 Thread 0x0000016c69265d30 Thread added: 0x0000016c69265d30
Event: 0.040 Thread 0x0000016c69269fe0 Thread added: 0x0000016c69269fe0
Event: 0.040 Thread 0x0000016c6926ada0 Thread added: 0x0000016c6926ada0
Event: 0.040 Thread 0x0000016c6926bb60 Thread added: 0x0000016c6926bb60
Event: 0.040 Thread 0x0000016c69275310 Thread added: 0x0000016c69275310
Event: 0.040 Thread 0x0000016c6927e410 Thread added: 0x0000016c6927e410
Event: 0.040 Thread 0x0000016c6927fed0 Thread added: 0x0000016c6927fed0
Event: 0.078 Thread 0x0000016c4521e090 Thread added: 0x0000016c4521e090
Event: 0.081 Thread 0x0000016c4522af40 Thread added: 0x0000016c4522af40


Dynamic libraries:
0x00007ff618d60000 - 0x00007ff618d70000 	C:\Program Files\Java\jdk-22\bin\java.exe
0x00007ff9b1790000 - 0x00007ff9b1988000 	C:\WINDOWS\SYSTEM32\ntdll.dll
0x00007ff9b1220000 - 0x00007ff9b12dd000 	C:\WINDOWS\System32\KERNEL32.DLL
0x00007ff9af510000 - 0x00007ff9af7e2000 	C:\WINDOWS\System32\KERNELBASE.dll
0x00007ff9aef70000 - 0x00007ff9af070000 	C:\WINDOWS\System32\ucrtbase.dll
0x00007ff9aa410000 - 0x00007ff9aa42b000 	C:\Program Files\Java\jdk-22\bin\VCRUNTIME140.dll
0x00007ff9a10d0000 - 0x00007ff9a10e7000 	C:\Program Files\Java\jdk-22\bin\jli.dll
0x00007ff9b1490000 - 0x00007ff9b153e000 	C:\WINDOWS\System32\ADVAPI32.dll
0x00007ff9b1540000 - 0x00007ff9b15de000 	C:\WINDOWS\System32\msvcrt.dll
0x00007ff9b1650000 - 0x00007ff9b16ec000 	C:\WINDOWS\System32\sechost.dll
0x00007ff9af7f0000 - 0x00007ff9af915000 	C:\WINDOWS\System32\RPCRT4.dll
0x00007ff9af920000 - 0x00007ff9afabd000 	C:\WINDOWS\System32\USER32.dll
0x00007ff9aef40000 - 0x00007ff9aef62000 	C:\WINDOWS\System32\win32u.dll
0x00007ff9a2360000 - 0x00007ff9a25fa000 	C:\WINDOWS\WinSxS\amd64_microsoft.windows.common-controls_6595b64144ccf1df_6.0.19041.1110_none_60b5254171f9507e\COMCTL32.dll
0x00007ff9afae0000 - 0x00007ff9afb0b000 	C:\WINDOWS\System32\GDI32.dll
0x00007ff9af220000 - 0x00007ff9af32f000 	C:\WINDOWS\System32\gdi32full.dll
0x00007ff9af330000 - 0x00007ff9af3cd000 	C:\WINDOWS\System32\msvcp_win.dll
0x00007ff9a8800000 - 0x00007ff9a880a000 	C:\WINDOWS\SYSTEM32\VERSION.dll
0x00007ff9b10b0000 - 0x00007ff9b10e0000 	C:\WINDOWS\System32\IMM32.DLL
0x00007ff9a9390000 - 0x00007ff9a939c000 	C:\Program Files\Java\jdk-22\bin\vcruntime140_1.dll
0x00007ff991180000 - 0x00007ff99120e000 	C:\Program Files\Java\jdk-22\bin\msvcp140.dll
0x00007ff93f860000 - 0x00007ff9405a7000 	C:\Program Files\Java\jdk-22\bin\server\jvm.dll
0x00007ff9b0880000 - 0x00007ff9b08eb000 	C:\WINDOWS\System32\WS2_32.dll
0x00007ff9aed10000 - 0x00007ff9aed5b000 	C:\WINDOWS\SYSTEM32\POWRPROF.dll
0x00007ff9a2e10000 - 0x00007ff9a2e37000 	C:\WINDOWS\SYSTEM32\WINMM.dll
0x00007ff9aecf0000 - 0x00007ff9aed02000 	C:\WINDOWS\SYSTEM32\UMPDC.dll
0x00007ff9ad710000 - 0x00007ff9ad722000 	C:\WINDOWS\SYSTEM32\kernel.appcore.dll
0x00007ff9a8cd0000 - 0x00007ff9a8cda000 	C:\Program Files\Java\jdk-22\bin\jimage.dll
0x00007ff9ac5e0000 - 0x00007ff9ac7c4000 	C:\WINDOWS\SYSTEM32\DBGHELP.DLL
0x00007ff98c3c0000 - 0x00007ff98c3ec000 	C:\WINDOWS\SYSTEM32\dbgcore.DLL
0x00007ff9af480000 - 0x00007ff9af502000 	C:\WINDOWS\System32\bcryptPrimitives.dll
0x00007ff9a9370000 - 0x00007ff9a938e000 	C:\Program Files\Java\jdk-22\bin\java.dll
0x00007ff9b0130000 - 0x00007ff9b0873000 	C:\WINDOWS\System32\SHELL32.dll
0x00007ff9b10f0000 - 0x00007ff9b121a000 	C:\WINDOWS\System32\ole32.dll
0x00007ff9afcf0000 - 0x00007ff9b0044000 	C:\WINDOWS\System32\combase.dll
0x00007ff9acf60000 - 0x00007ff9ad6f1000 	C:\WINDOWS\SYSTEM32\windows.storage.dll
0x00007ff9ae820000 - 0x00007ff9ae850000 	C:\WINDOWS\SYSTEM32\Wldp.dll
0x00007ff9afb10000 - 0x00007ff9afbbd000 	C:\WINDOWS\System32\SHCORE.dll
0x00007ff9b16f0000 - 0x00007ff9b1745000 	C:\WINDOWS\System32\shlwapi.dll
0x00007ff9aede0000 - 0x00007ff9aedff000 	C:\WINDOWS\SYSTEM32\profapi.dll
0x00007ff98a0d0000 - 0x00007ff98a1a7000 	C:\Program Files\Java\jdk-22\bin\jsvml.dll
0x00007ff9a6930000 - 0x00007ff9a6940000 	C:\Program Files\Java\jdk-22\bin\net.dll
0x00007ff9ae580000 - 0x00007ff9ae5ea000 	C:\WINDOWS\system32\mswsock.dll
0x00007ff994fa0000 - 0x00007ff994fb6000 	C:\Program Files\Java\jdk-22\bin\nio.dll
0x00007ff991230000 - 0x00007ff991247000 	C:\Program Files\Java\jdk-22\bin\zip.dll
0x00007ff981160000 - 0x00007ff9811de000 	C:\Users\Juan Diego\AppData\Local\Temp\lwjgl_Juan\3.3.6+1\x64\lwjgl.dll
0x00007ff9810d0000 - 0x00007ff981159000 	C:\Users\JUANDI~1\AppData\Local\Temp\lwjgl_Juan\3.3.6+1\x64\glfw.dll
0x00007ff981080000 - 0x00007ff9810c5000 	C:\WINDOWS\SYSTEM32\dinput8.dll
0x00007ff982fd0000 - 0x00007ff982fe1000 	C:\WINDOWS\SYSTEM32\xinput1_4.dll
0x00007ff9af1d0000 - 0x00007ff9af21e000 	C:\WINDOWS\System32\cfgmgr32.dll
0x00007ff9aeb70000 - 0x00007ff9aeb9c000 	C:\WINDOWS\SYSTEM32\DEVOBJ.dll
0x00007ff9ac9b0000 - 0x00007ff9ac9df000 	C:\WINDOWS\SYSTEM32\dwmapi.dll
0x00007ff9ac3f0000 - 0x00007ff9ac48e000 	C:\WINDOWS\system32\uxtheme.dll
0x00007ff99ff20000 - 0x00007ff9a0072000 	C:\WINDOWS\SYSTEM32\inputhost.dll
0x00007ff9b0fe0000 - 0x00007ff9b10ad000 	C:\WINDOWS\System32\OLEAUT32.dll
0x00007ff9ab710000 - 0x00007ff9ab802000 	C:\WINDOWS\SYSTEM32\CoreMessaging.dll
0x00007ff9a9f60000 - 0x00007ff9aa056000 	C:\WINDOWS\SYSTEM32\PROPSYS.dll
0x00007ff9aac90000 - 0x00007ff9aade4000 	C:\WINDOWS\SYSTEM32\wintypes.dll
0x00007ff9ab360000 - 0x00007ff9ab6be000 	C:\WINDOWS\SYSTEM32\CoreUIComponents.dll
0x00007ff9adfc0000 - 0x00007ff9adff3000 	C:\WINDOWS\SYSTEM32\ntmarta.dll
0x00007ff9b0d60000 - 0x00007ff9b0e75000 	C:\WINDOWS\System32\MSCTF.dll

dbghelp: loaded successfully - version: 4.0.5 - missing functions: none
symbol engine: initialized successfully - sym options: 0x614 - pdb path: .;C:\Program Files\Java\jdk-22\bin;C:\WINDOWS\SYSTEM32;C:\WINDOWS\WinSxS\amd64_microsoft.windows.common-controls_6595b64144ccf1df_6.0.19041.1110_none_60b5254171f9507e;C:\Program Files\Java\jdk-22\bin\server;C:\Users\Juan Diego\AppData\Local\Temp\lwjgl_Juan\3.3.6+1\x64;C:\Users\JUANDI~1\AppData\Local\Temp\lwjgl_Juan\3.3.6+1\x64

VM Arguments:
java_command: Classes.Main
java_class_path (initial): C:\Users\Juan Diego\Desktop\Game\target\classes;C:\Users\Juan Diego\.m2\repository\org\lwjgl\lwjgl\3.3.6\lwjgl-3.3.6.jar;C:\Users\Juan Diego\.m2\repository\org\lwjgl\lwjgl-assimp\3.3.6\lwjgl-assimp-3.3.6.jar;C:\Users\Juan Diego\.m2\repository\org\lwjgl\lwjgl-bgfx\3.3.6\lwjgl-bgfx-3.3.6.jar;C:\Users\Juan Diego\.m2\repository\org\lwjgl\lwjgl-glfw\3.3.6\lwjgl-glfw-3.3.6.jar;C:\Users\Juan Diego\.m2\repository\org\lwjgl\lwjgl-nanovg\3.3.6\lwjgl-nanovg-3.3.6.jar;C:\Users\Juan Diego\.m2\repository\org\lwjgl\lwjgl-nuklear\3.3.6\lwjgl-nuklear-3.3.6.jar;C:\Users\Juan Diego\.m2\repository\org\lwjgl\lwjgl-openal\3.3.6\lwjgl-openal-3.3.6.jar;C:\Users\Juan Diego\.m2\repository\org\lwjgl\lwjgl-opengl\3.3.6\lwjgl-opengl-3.3.6.jar;C:\Users\Juan Diego\.m2\repository\org\lwjgl\lwjgl-par\3.3.6\lwjgl-par-3.3.6.jar;C:\Users\Juan Diego\.m2\repository\org\lwjgl\lwjgl-stb\3.3.6\lwjgl-stb-3.3.6.jar;C:\Users\Juan Diego\.m2\repository\org\lwjgl\lwjgl-vulkan\3.3.6\lwjgl-vulkan-3.3.6.jar;C:\Users\Juan Diego\.m2\repository\org\lwjgl\lwjgl\3.3.6\lwjgl-3.3.6-natives-windows.jar;C:\Users\Juan Diego\.m2\repository\org\lwjgl\lwjgl-assimp\3.3.6\lwjgl-assimp-3.3.6-natives-windows.jar;C:\Users\Juan Diego\.m2\repository\org\lwjgl\lwjgl-bgfx\3.3.6\lwjgl-bgfx-3.3.6-natives-windows.jar;C:\Users\Juan Diego\.m2\repository\org\lwjgl\lwjgl-glfw\3.3.6\lwjgl-glfw-3.3.6-natives-windows.jar;C:\Users\Juan Diego\.m2\repository\org\lwjgl\lwjgl-nanovg\3.3.6\lwjgl-nanovg-3.3.6-natives-windows.jar;C:\Users\Juan Diego\.m2\repository\org\lwjgl\lwjgl-nuklear\3.3.6\lwjgl-nuklear-3.3.6-natives-windows.jar;C:\Users\Juan Diego\.m2\repository\org\lwjgl\lwjgl-openal\3.3.6\lwjgl-openal-3.3.6-natives-windows.jar;C:\Users\Juan Diego\.m2\repository\org\lwjgl\lwjgl-opengl\3.3.6\lwjgl-opengl-3.3.6-natives-windows.jar;C:\Users\Juan Diego\.m2\repository\org\lwjgl\lwjgl-par\3.3.6\lwjgl-par-3.3.6-natives-windows.jar;C:\Users\Juan Diego\.m2\repository\org\lwjgl\lwjgl-stb\3.3.6\lwjgl-stb-3.3.6-natives-windows.jar
Launcher Type: SUN_STANDARD

[Global flags]
     intx CICompilerCount                          = 3                                         {product} {ergonomic}
     uint ConcGCThreads                            = 1                                         {product} {ergonomic}
     uint G1ConcRefinementThreads                  = 4                                         {product} {ergonomic}
   size_t G1HeapRegionSize                         = 2097152                                   {product} {ergonomic}
   size_t InitialHeapSize                          = 201326592                                 {product} {ergonomic}
   size_t MarkStackSize                            = 4194304                                   {product} {ergonomic}
   size_t MaxHeapSize                              = 3189768192                                {product} {ergonomic}
   size_t MaxNewSize                               = 1912602624                                {product} {ergonomic}
   size_t MinHeapDeltaBytes                        = 2097152                                   {product} {ergonomic}
   size_t MinHeapSize                              = 8388608                                   {product} {ergonomic}
    uintx NonNMethodCodeHeapSize                   = 5832780                                {pd product} {ergonomic}
    uintx NonProfiledCodeHeapSize                  = 122912730                              {pd product} {ergonomic}
    uintx ProfiledCodeHeapSize                     = 122912730                              {pd product} {ergonomic}
    uintx ReservedCodeCacheSize                    = 251658240                              {pd product} {ergonomic}
     bool SegmentedCodeCache                       = true                                      {product} {ergonomic}
   size_t SoftMaxHeapSize                          = 3189768192                             {manageable} {ergonomic}
     bool UseCompressedOops                        = true                           {product lp64_product} {ergonomic}
     bool UseG1GC                                  = true                                      {product} {ergonomic}
     bool UseLargePagesIndividualAllocation        = false                                  {pd product} {ergonomic}

Logging:
Log output configuration:
 #0: stdout all=warning uptime,level,tags foldmultilines=false
 #1: stderr all=off uptime,level,tags foldmultilines=false

Environment Variables:
JAVA_HOME=C:\Program Files\Java\jdk-22
PATH=C:\Windows\System32\WindowsPowerShell\v1.0\;C:\Program Files\Java\jdk-22\bin;C:\Program Files\apache-maven-3.9.9\bin;C:\Program Files\nodejs\;C:\Program Files\Git\cmd;C:\Program Files (x86)\NVIDIA Corporation\PhysX\Common;C:\Users\Juan Diego\.console-ninja\.bin;C:\Users\Juan Diego\AppData\Local\Programs\Python\Python311\Scripts\;C:\Users\Juan Diego\AppData\Local\Programs\Python\Python311\;C:\Users\Juan Diego\AppData\Local\Microsoft\WindowsApps;C:\Users\Juan Diego\AppData\Local\Programs\Microsoft VS Code\bin;C:\Users\Juan Diego\Desktop\Flutter\flutter\bin;C:\Users\Juan Diego\AppData\Local\GitHubDesktop\bin;C:\Users\Juan Diego\AppData\Roaming\Composer\vendor\bin;C:\Users\Juan Diego\AppData\Roaming\npm
USERNAME=Juan
OS=Windows_NT
PROCESSOR_IDENTIFIER=Intel64 Family 6 Model 58 Stepping 9, GenuineIntel
TMP=C:\Users\JUANDI~1\AppData\Local\Temp
TEMP=C:\Users\JUANDI~1\AppData\Local\Temp




Periodic native trim disabled

---------------  S Y S T E M  ---------------

OS:
 Windows 10 , 64 bit Build 19041 (10.0.19041.1889)
OS uptime: 2 days 2:12 hours

CPU: total 4 (initial active 4) (4 cores per cpu, 1 threads per core) family 6 model 58 stepping 9 microcode 0x21, cx8, cmov, fxsr, mmx, sse, sse2, sse3, ssse3, sse4.1, sse4.2, popcnt, tsc, tscinvbit, avx, aes, erms, clmul, vzeroupper, clflush, rdtscp, f16c
Processor Information for all 4 processors :
  Max Mhz: 3201, Current Mhz: 3201, Mhz Limit: 3201

Memory: 4k page, system-wide physical 12162M (4476M free)
TotalPageFile size 23938M (AvailPageFile size 11152M)
current process WorkingSet (physical memory assigned to process): 51M, peak: 51M
current process commit charge ("private bytes"): 273M, peak: 273M

vm_info: Java HotSpot(TM) 64-Bit Server VM (22.0.1+8-16) for windows-amd64 JRE (22.0.1+8-16), built on 2024-03-12T10:33:16Z by "mach5one" with MS VC++ 17.6 (VS2022)

END.
